<?xml version="1.0" encoding="UTF-8" ?>
<testsuite failures="0" time="2.466" errors="0" skipped="0" tests="38" name="org.apache.jena.fuseki.TS_Fuseki">
  <properties>
    <property name="java.runtime.name" value="Java(TM) SE Runtime Environment"/>
    <property name="sun.boot.library.path" value="C:\Users\samcoppe\MyWork\MMLab_DevEnv\Java\jre\bin"/>
    <property name="java.vm.version" value="23.7-b01"/>
    <property name="java.vm.vendor" value="Oracle Corporation"/>
    <property name="java.vendor.url" value="http://java.oracle.com/"/>
    <property name="path.separator" value=";"/>
    <property name="guice.disable.misplaced.annotation.check" value="true"/>
    <property name="java.vm.name" value="Java HotSpot(TM) 64-Bit Server VM"/>
    <property name="file.encoding.pkg" value="sun.io"/>
    <property name="user.script" value=""/>
    <property name="user.country" value="US"/>
    <property name="sun.java.launcher" value="SUN_STANDARD"/>
    <property name="sun.os.patch.level" value="Service Pack 1"/>
    <property name="java.vm.specification.name" value="Java Virtual Machine Specification"/>
    <property name="user.dir" value="C:\Users\samcoppe\MyWork\MMLab_Workspace\jena-fuseki-Virtuoso"/>
    <property name="java.runtime.version" value="1.7.0_17-b02"/>
    <property name="java.awt.graphicsenv" value="sun.awt.Win32GraphicsEnvironment"/>
    <property name="java.endorsed.dirs" value="C:\Users\samcoppe\MyWork\MMLab_DevEnv\Java\jre\lib\endorsed"/>
    <property name="os.arch" value="amd64"/>
    <property name="java.io.tmpdir" value="C:\Users\samcoppe\AppData\Local\Temp\"/>
    <property name="line.separator" value="
"/>
    <property name="java.vm.specification.vendor" value="Oracle Corporation"/>
    <property name="user.variant" value=""/>
    <property name="os.name" value="Windows 7"/>
    <property name="classworlds.conf" value="C:\Users\samcoppe\MyWork\MMLab_Workspace\.metadata\.plugins\org.eclipse.m2e.core\launches\m2conf122793802953022425.tmp"/>
    <property name="sun.jnu.encoding" value="Cp1252"/>
    <property name="java.library.path" value="C:\Users\samcoppe\MyWork\MMLab_DevEnv\Java\jre\bin;C:\Windows\Sun\Java\bin;C:\Windows\system32;C:\Windows;.;C:\Windows\system32;C:\Windows;C:\Windows\System32\Wbem;C:\Windows\System32\WindowsPowerShell\v1.0\;C:\Program Files\Intel\WiFi\bin\;C:\Program Files\Common Files\Intel\WirelessCommon\;C:\Program Files\WIDCOMM\Bluetooth Software\;C:\Program Files\WIDCOMM\Bluetooth Software\syswow64;C:\Users\samcoppe\MyWork\MMLab_DevEnv\Java\JDK;C:\Users\samcoppe\MyWork\MMLab_DevEnv\Virtuoso\bin;C:\Users\samcoppe\MyWork\MMLab_DevEnv\Virtuoso\lib;C:\Users\samcoppe\MyWork\MMLab_DevEnv\bsbmtools-0.2\;C:\Users\samcoppe\MyWork\MMLab_DevEnv\bsbmtools-0.2\lib;C:\Users\samcoppe\MyWork\MMLab_DevEnv\bsbmtools\lib;C:\Program Files (x86)\Belgium Identity Card;C:\Users\samcoppe\MyWork\MMLab_DevEnv\apache-maven-3.0.4\bin;C:\Program Files\TortoiseHg\;C:\Program Files (x86)\Liquid Technologies\Liquid XML Studio 2012\XmlDataBinder10\Redist10\cpp\win32\bin;C:\Users\samcoppe\MyWork\MMLab_DevEnv\Latex\MikTex\miktex\bin\x64\;C:\Program Files\SlikSvn\bin;."/>
    <property name="java.specification.name" value="Java Platform API Specification"/>
    <property name="java.class.version" value="51.0"/>
    <property name="sun.management.compiler" value="HotSpot 64-Bit Tiered Compilers"/>
    <property name="os.version" value="6.1"/>
    <property name="user.home" value="C:\Users\samcoppe"/>
    <property name="user.timezone" value="Europe/Paris"/>
    <property name="java.awt.printerjob" value="sun.awt.windows.WPrinterJob"/>
    <property name="java.specification.version" value="1.7"/>
    <property name="file.encoding" value="Cp1252"/>
    <property name="user.name" value="samcoppe"/>
    <property name="java.class.path" value="/C:/Users/samcoppe/MyWork/MMLab_DevEnv/eclipseWeb/configuration/org.eclipse.osgi/bundles/794/1/.cp/jars/plexus-classworlds-2.4.jar"/>
    <property name="java.vm.specification.version" value="1.7"/>
    <property name="sun.arch.data.model" value="64"/>
    <property name="java.home" value="C:\Users\samcoppe\MyWork\MMLab_DevEnv\Java\jre"/>
    <property name="sun.java.command" value="org.codehaus.plexus.classworlds.launcher.Launcher -B install"/>
    <property name="java.specification.vendor" value="Oracle Corporation"/>
    <property name="user.language" value="en"/>
    <property name="awt.toolkit" value="sun.awt.windows.WToolkit"/>
    <property name="java.vm.info" value="mixed mode"/>
    <property name="java.version" value="1.7.0_17"/>
    <property name="java.ext.dirs" value="C:\Users\samcoppe\MyWork\MMLab_DevEnv\Java\jre\lib\ext;C:\Windows\Sun\Java\lib\ext"/>
    <property name="sun.boot.class.path" value="C:\Users\samcoppe\MyWork\MMLab_DevEnv\Java\jre\lib\resources.jar;C:\Users\samcoppe\MyWork\MMLab_DevEnv\Java\jre\lib\rt.jar;C:\Users\samcoppe\MyWork\MMLab_DevEnv\Java\jre\lib\sunrsasign.jar;C:\Users\samcoppe\MyWork\MMLab_DevEnv\Java\jre\lib\jsse.jar;C:\Users\samcoppe\MyWork\MMLab_DevEnv\Java\jre\lib\jce.jar;C:\Users\samcoppe\MyWork\MMLab_DevEnv\Java\jre\lib\charsets.jar;C:\Users\samcoppe\MyWork\MMLab_DevEnv\Java\jre\lib\jfr.jar;C:\Users\samcoppe\MyWork\MMLab_DevEnv\Java\jre\classes"/>
    <property name="java.vendor" value="Oracle Corporation"/>
    <property name="maven.home" value="C:\Users\samcoppe\MyWork\MMLab_Workspace\jena-fuseki-Virtuoso\EMBEDDED"/>
    <property name="file.separator" value="\"/>
    <property name="java.vendor.url.bug" value="http://bugreport.sun.com/bugreport/"/>
    <property name="sun.cpu.endian" value="little"/>
    <property name="sun.io.unicode.encoding" value="UnicodeLittle"/>
    <property name="sun.desktop" value="windows"/>
    <property name="sun.cpu.isalist" value="amd64"/>
  </properties>
  <testcase time="0" classname="org.apache.jena.fuseki.TestProtocol" name="protocol_01"/>
  <testcase time="0.003" classname="org.apache.jena.web.TestDatasetGraphAccessorMem" name="get_01"/>
  <testcase time="0.001" classname="org.apache.jena.web.TestDatasetGraphAccessorMem" name="get_02"/>
  <testcase time="0.01" classname="org.apache.jena.web.TestDatasetGraphAccessorMem" name="put_01"/>
  <testcase time="0" classname="org.apache.jena.web.TestDatasetGraphAccessorMem" name="put_02"/>
  <testcase time="0.001" classname="org.apache.jena.web.TestDatasetGraphAccessorMem" name="post_01"/>
  <testcase time="0.001" classname="org.apache.jena.web.TestDatasetGraphAccessorMem" name="post_02"/>
  <testcase time="0" classname="org.apache.jena.web.TestDatasetGraphAccessorMem" name="delete_01"/>
  <testcase time="0" classname="org.apache.jena.web.TestDatasetGraphAccessorMem" name="delete_02"/>
  <testcase time="0.035" classname="org.apache.jena.fuseki.http.TestDatasetGraphAccessorHTTP" name="get_01"/>
  <testcase time="0.013" classname="org.apache.jena.fuseki.http.TestDatasetGraphAccessorHTTP" name="get_02"/>
  <testcase time="0.031" classname="org.apache.jena.fuseki.http.TestDatasetGraphAccessorHTTP" name="put_01"/>
  <testcase time="0.032" classname="org.apache.jena.fuseki.http.TestDatasetGraphAccessorHTTP" name="put_02"/>
  <testcase time="0.029" classname="org.apache.jena.fuseki.http.TestDatasetGraphAccessorHTTP" name="post_01"/>
  <testcase time="0.038" classname="org.apache.jena.fuseki.http.TestDatasetGraphAccessorHTTP" name="post_02"/>
  <testcase time="0.047" classname="org.apache.jena.fuseki.http.TestDatasetGraphAccessorHTTP" name="delete_01"/>
  <testcase time="0.07" classname="org.apache.jena.fuseki.http.TestDatasetGraphAccessorHTTP" name="delete_02"/>
  <testcase time="0.03" classname="org.apache.jena.fuseki.http.TestDatasetAccessorHTTP" name="clearup_1"/>
  <testcase time="0.014" classname="org.apache.jena.fuseki.http.TestDatasetAccessorHTTP" name="get_01"/>
  <testcase time="0.012" classname="org.apache.jena.fuseki.http.TestDatasetAccessorHTTP" name="get_02"/>
  <testcase time="0.015" classname="org.apache.jena.fuseki.http.TestDatasetAccessorHTTP" name="test_ds_1"/>
  <testcase time="0.012" classname="org.apache.jena.fuseki.http.TestDatasetAccessorHTTP" name="test_ds_2"/>
  <testcase time="0.012" classname="org.apache.jena.fuseki.http.TestDatasetAccessorHTTP" name="test_ds_3"/>
  <testcase time="0.031" classname="org.apache.jena.fuseki.http.TestDatasetAccessorHTTP" name="put_01"/>
  <testcase time="0.05" classname="org.apache.jena.fuseki.http.TestDatasetAccessorHTTP" name="put_02"/>
  <testcase time="0.039" classname="org.apache.jena.fuseki.http.TestDatasetAccessorHTTP" name="put_03"/>
  <testcase time="0.042" classname="org.apache.jena.fuseki.http.TestDatasetAccessorHTTP" name="post_01"/>
  <testcase time="0.039" classname="org.apache.jena.fuseki.http.TestDatasetAccessorHTTP" name="post_02"/>
  <testcase time="0.011" classname="org.apache.jena.fuseki.http.TestDatasetAccessorHTTP" name="delete_01"/>
  <testcase time="0.015" classname="org.apache.jena.fuseki.http.TestDatasetAccessorHTTP" name="delete_02"/>
  <testcase time="0.011" classname="org.apache.jena.fuseki.http.TestDatasetAccessorHTTP" name="head_01"/>
  <testcase time="0.039" classname="org.apache.jena.fuseki.http.TestDatasetAccessorHTTP" name="head_02"/>
  <testcase time="0.011" classname="org.apache.jena.fuseki.http.TestDatasetAccessorHTTP" name="test_404_1"/>
  <testcase time="0.009" classname="org.apache.jena.fuseki.http.TestDatasetAccessorHTTP" name="test_404_2"/>
  <testcase time="0.011" classname="org.apache.jena.fuseki.http.TestDatasetAccessorHTTP" name="test_404_3"/>
  <testcase time="0" classname="org.apache.jena.fuseki.TestUpdate" name="t1"/>
  <testcase time="0.115" classname="org.apache.jena.fuseki.TestQuery" name="query_01"/>
  <testcase time="0.005" classname="org.apache.jena.fuseki.TestQuery" name="request_id_header_01"/>
</testsuite>